#
# There is insufficient memory for the Java Runtime Environment to continue.
# Native memory allocation (mmap) failed to map 130023424 bytes for G1 virtual space
# Possible reasons:
#   The system is out of physical RAM or swap space
#   The process is running with CompressedOops enabled, and the Java Heap may be blocking the growth of the native heap
# Possible solutions:
#   Reduce memory load on the system
#   Increase physical memory or swap space
#   Check if swap backing store is full
#   Decrease Java heap size (-Xmx/-Xms)
#   Decrease number of Java threads
#   Decrease Java thread stack sizes (-Xss)
#   Set larger code cache with -XX:ReservedCodeCacheSize=
#   JVM is running with Unscaled Compressed Oops mode in which the Java heap is
#     placed in the first 4GB address space. The Java Heap base address is the
#     maximum limit for the native heap growth. Please use -XX:HeapBaseMinAddress
#     to set the Java Heap base and to place the Java Heap above 4GB virtual address.
# This output file may be truncated or incomplete.
#
#  Out of Memory Error (os_windows.cpp:3603), pid=10380, tid=17400
#
# JRE version:  (21.0.7+8) (build )
# Java VM: Java HotSpot(TM) 64-Bit Server VM (21.0.7+8-LTS-245, mixed mode, sharing, tiered, compressed oops, compressed class ptrs, g1 gc, windows-amd64)
# No core dump will be written. Minidumps are not enabled by default on client versions of Windows
#

---------------  S U M M A R Y ------------

Command Line: -Dfile.encoding=UTF-8 -Dstdout.encoding=UTF-8 -Dstderr.encoding=UTF-8 -XX:+ShowCodeDetailsInExceptionMessages mod3.csc320.csug.AvgWithholding

Host: Intel(R) Core(TM) i5-10210U CPU @ 1.60GHz, 8 cores, 7G,  Windows 11 , 64 bit Build 26100 (10.0.26100.4202)
Time: Sat Jul  5 15:50:22 2025 Mountain Daylight Time elapsed time: 1.091146 seconds (0d 0h 0m 1s)

---------------  T H R E A D  ---------------

Current thread (0x000002586707b100):  JavaThread "Unknown thread" [_thread_in_vm, id=17400, stack(0x0000009618300000,0x0000009618400000) (1024K)]

Stack: [0x0000009618300000,0x0000009618400000]
Native frames: (J=compiled Java code, j=interpreted, Vv=VM code, C=native code)
V  [jvm.dll+0x6cae19]
V  [jvm.dll+0x855741]
V  [jvm.dll+0x857c6e]
V  [jvm.dll+0x858343]
V  [jvm.dll+0x27e0b6]
V  [jvm.dll+0x6c7595]
V  [jvm.dll+0x6bc0fa]
V  [jvm.dll+0x353eaa]
V  [jvm.dll+0x35bb26]
V  [jvm.dll+0x3ae52e]
V  [jvm.dll+0x3ae7d8]
V  [jvm.dll+0x3281bc]
V  [jvm.dll+0x328d1b]
V  [jvm.dll+0x81eaf9]
V  [jvm.dll+0x3bb211]
V  [jvm.dll+0x807d78]
V  [jvm.dll+0x4503ee]
V  [jvm.dll+0x451fe1]
C  [jli.dll+0x52a3]
C  [ucrtbase.dll+0x37b0]
C  [KERNEL32.DLL+0x2e8d7]
C  [ntdll.dll+0x3c34c]


---------------  P R O C E S S  ---------------

Threads class SMR info:
_java_thread_list=0x00007fff9825cc48, length=0, elements={
}

Java Threads: ( => current thread )
Total: 0

Other Threads:
  0x00000258692f83d0 WorkerThread "GC Thread#0"                     [id=9980, stack(0x0000009618400000,0x0000009618500000) (1024K)]
  0x000002586930a110 ConcurrentGCThread "G1 Main Marker"            [id=11988, stack(0x0000009618500000,0x0000009618600000) (1024K)]
  0x000002586930bac0 WorkerThread "G1 Conc#0"                       [id=14296, stack(0x0000009618600000,0x0000009618700000) (1024K)]

[error occurred during error reporting (printing all threads), id 0xc0000005, EXCEPTION_ACCESS_VIOLATION (0xc0000005) at pc=0x00007fff979ca947]
VM state: not at safepoint (not fully initialized)

VM Mutex/Monitor currently owned by a thread:  ([mutex/lock_event])
[0x00007fff982cdf50] Heap_lock - owner thread: 0x000002586707b100

Heap address: 0x0000000084600000, size: 1978 MB, Compressed Oops mode: 32-bit

CDS archive(s) mapped at: [0x0000000000000000-0x0000000000000000-0x0000000000000000), size 0, SharedBaseAddress: 0x0000000800000000, ArchiveRelocationMode: 1.
Narrow klass base: 0x0000000000000000, Narrow klass shift: 0, Narrow klass range: 0x0

GC Precious Log:
 CardTable entry size: 512
 Card Set container configuration: InlinePtr #cards 5 size 8 Array Of Cards #cards 12 size 40 Howl #buckets 4 coarsen threshold 1843 Howl Bitmap #cards 512 size 80 coarsen threshold 460 Card regions per heap region 1 cards per card region 2048

Heap:
 garbage-first heap   total 0K, used 0K [0x0000000084600000, 0x0000000100000000)
  region size 1024K, 0 young (0K), 0 survivors (0K)

[error occurred during error reporting (printing heap information), id 0xc0000005, EXCEPTION_ACCESS_VIOLATION (0xc0000005) at pc=0x00007fff97db3e79]
GC Heap History (0 events):
No events

Dll operation events (1 events):
Event: 0.025 Loaded shared library C:\Program Files\Java\jdk-21\bin\java.dll

Deoptimization events (0 events):
No events

Classes loaded (0 events):
No events

Classes unloaded (0 events):
No events

Classes redefined (0 events):
No events

Internal exceptions (0 events):
No events

ZGC Phase Switch (0 events):
No events

VM Operations (0 events):
No events

Events (0 events):
No events


Dynamic libraries:
0x00007ff78f820000 - 0x00007ff78f830000 	C:\Program Files\Java\jdk-21\bin\javaw.exe
0x00007ff85b8c0000 - 0x00007ff85bb25000 	C:\WINDOWS\SYSTEM32\ntdll.dll
0x00007ff85aef0000 - 0x00007ff85afb9000 	C:\WINDOWS\System32\KERNEL32.DLL
0x00007ff858c20000 - 0x00007ff859008000 	C:\WINDOWS\System32\KERNELBASE.dll
0x00007ff858ad0000 - 0x00007ff858c1b000 	C:\WINDOWS\System32\ucrtbase.dll
0x00007ff82a560000 - 0x00007ff82a579000 	C:\Program Files\Java\jdk-21\bin\jli.dll
0x00007ff833140000 - 0x00007ff83315b000 	C:\Program Files\Java\jdk-21\bin\VCRUNTIME140.dll
0x00007ff85b130000 - 0x00007ff85b1e3000 	C:\WINDOWS\System32\ADVAPI32.dll
0x00007ff859eb0000 - 0x00007ff859f59000 	C:\WINDOWS\System32\msvcrt.dll
0x00007ff85a730000 - 0x00007ff85a7d6000 	C:\WINDOWS\System32\sechost.dll
0x00007ff85a600000 - 0x00007ff85a715000 	C:\WINDOWS\System32\RPCRT4.dll
0x00007ff85ad20000 - 0x00007ff85aeea000 	C:\WINDOWS\System32\USER32.dll
0x00007ff842510000 - 0x00007ff8427aa000 	C:\WINDOWS\WinSxS\amd64_microsoft.windows.common-controls_6595b64144ccf1df_6.0.26100.4202_none_3e0698d4e335f517\COMCTL32.dll
0x00007ff8590a0000 - 0x00007ff8590c7000 	C:\WINDOWS\System32\win32u.dll
0x00007ff85a370000 - 0x00007ff85a39b000 	C:\WINDOWS\System32\GDI32.dll
0x00007ff859170000 - 0x00007ff8592a7000 	C:\WINDOWS\System32\gdi32full.dll
0x00007ff8592b0000 - 0x00007ff859353000 	C:\WINDOWS\System32\msvcp_win.dll
0x00007ff84cfe0000 - 0x00007ff84cfeb000 	C:\WINDOWS\SYSTEM32\VERSION.dll
0x00007ff85b720000 - 0x00007ff85b750000 	C:\WINDOWS\System32\IMM32.DLL
0x00007ff83f2a0000 - 0x00007ff83f2ac000 	C:\Program Files\Java\jdk-21\bin\vcruntime140_1.dll
0x00007ff829c10000 - 0x00007ff829c9e000 	C:\Program Files\Java\jdk-21\bin\msvcp140.dll
0x00007fff97690000 - 0x00007fff983aa000 	C:\Program Files\Java\jdk-21\bin\server\jvm.dll
0x00007ff85aca0000 - 0x00007ff85ad14000 	C:\WINDOWS\System32\WS2_32.dll
0x00007ff857650000 - 0x00007ff8576ae000 	C:\WINDOWS\SYSTEM32\POWRPROF.dll
0x00007ff842c60000 - 0x00007ff842c95000 	C:\WINDOWS\SYSTEM32\WINMM.dll
0x00007ff857630000 - 0x00007ff857644000 	C:\WINDOWS\SYSTEM32\UMPDC.dll
0x00007ff8578f0000 - 0x00007ff85790b000 	C:\WINDOWS\SYSTEM32\kernel.appcore.dll
0x00007ff850bc0000 - 0x00007ff850bca000 	C:\Program Files\Java\jdk-21\bin\jimage.dll
0x00007ff856290000 - 0x00007ff8564d1000 	C:\WINDOWS\SYSTEM32\DBGHELP.DLL
0x00007ff859f60000 - 0x00007ff85a2e5000 	C:\WINDOWS\System32\combase.dll
0x00007ff85abb0000 - 0x00007ff85ac91000 	C:\WINDOWS\System32\OLEAUT32.dll
0x00007ff851800000 - 0x00007ff851839000 	C:\WINDOWS\SYSTEM32\dbgcore.DLL
0x00007ff8590d0000 - 0x00007ff859169000 	C:\WINDOWS\System32\bcryptPrimitives.dll
0x00007ff8501d0000 - 0x00007ff8501ef000 	C:\Program Files\Java\jdk-21\bin\java.dll

dbghelp: loaded successfully - version: 4.0.5 - missing functions: none
symbol engine: initialized successfully - sym options: 0x614 - pdb path: .;C:\Program Files\Java\jdk-21\bin;C:\WINDOWS\SYSTEM32;C:\WINDOWS\WinSxS\amd64_microsoft.windows.common-controls_6595b64144ccf1df_6.0.26100.4202_none_3e0698d4e335f517;C:\Program Files\Java\jdk-21\bin\server

VM Arguments:
jvm_args: -Dfile.encoding=UTF-8 -Dstdout.encoding=UTF-8 -Dstderr.encoding=UTF-8 -XX:+ShowCodeDetailsInExceptionMessages 
java_command: mod3.csc320.csug.AvgWithholding
java_class_path (initial): C:\Users\gant_\git\csc320\AvgWithhoding\AvgWithholding\bin
Launcher Type: SUN_STANDARD

[Global flags]
     intx CICompilerCount                          = 4                                         {product} {ergonomic}
     uint ConcGCThreads                            = 2                                         {product} {ergonomic}
     uint G1ConcRefinementThreads                  = 8                                         {product} {ergonomic}
   size_t G1HeapRegionSize                         = 1048576                                   {product} {ergonomic}
    uintx GCDrainStackTargetSize                   = 64                                        {product} {ergonomic}
   size_t InitialHeapSize                          = 130023424                                 {product} {ergonomic}
   size_t MarkStackSize                            = 4194304                                   {product} {ergonomic}
   size_t MaxHeapSize                              = 2074083328                                {product} {ergonomic}
   size_t MinHeapDeltaBytes                        = 1048576                                   {product} {ergonomic}
   size_t MinHeapSize                              = 8388608                                   {product} {ergonomic}
    uintx NonNMethodCodeHeapSize                   = 5839372                                {pd product} {ergonomic}
    uintx NonProfiledCodeHeapSize                  = 122909434                              {pd product} {ergonomic}
    uintx ProfiledCodeHeapSize                     = 122909434                              {pd product} {ergonomic}
    uintx ReservedCodeCacheSize                    = 251658240                              {pd product} {ergonomic}
     bool SegmentedCodeCache                       = true                                      {product} {ergonomic}
     bool ShowCodeDetailsInExceptionMessages       = true                                   {manageable} {command line}
   size_t SoftMaxHeapSize                          = 2074083328                             {manageable} {ergonomic}
     bool UseCompressedOops                        = true                           {product lp64_product} {ergonomic}
     bool UseG1GC                                  = true                                      {product} {ergonomic}
     bool UseLargePagesIndividualAllocation        = false                                  {pd product} {ergonomic}

Logging:
Log output configuration:
 #0: stdout all=warning uptime,level,tags foldmultilines=false
 #1: stderr all=off uptime,level,tags foldmultilines=false

Environment Variables:
PATH=C:/Program Files/Java/jdk-21/bin/server;C:/Program Files/Java/jdk-21/bin;C:\Program Files\Common Files\Oracle\Java\javapath;C:\WINDOWS\system32;C:\WINDOWS;C:\WINDOWS\System32\Wbem;C:\WINDOWS\System32\WindowsPowerShell\v1.0\;C:\WINDOWS\System32\OpenSSH\;C:\Program Files\Microsoft SQL Server\Client SDK\ODBC\170\Tools\Binn\;C:\Program Files (x86)\Microsoft SQL Server\150\Tools\Binn\;C:\Program Files\Microsoft SQL Server\150\Tools\Binn\;C:\Program Files\Microsoft SQL Server\150\DTS\Binn\;C:\Program Files\PuTTY\;C:\Program Files\Git\cmd;C:\Program Files\Sublime Text;C:\Users\gant_\AppData\Local\Programs\Python\Launcher\;C:\Users\gant_\anaconda3;C:\Users\gant_\anaconda3\Library\mingw-w64\bin;C:\Users\gant_\anaconda3\Library\usr\bin;C:\Users\gant_\anaconda3\Library\bin;C:\Users\gant_\anaconda3\Scripts;C:\Users\gant_\AppData\Local\Microsoft\WindowsApps;;C:\Users\gant_\eclipse\java-2025-03\eclipse;
USERNAME=gant_
OS=Windows_NT
PROCESSOR_IDENTIFIER=Intel64 Family 6 Model 142 Stepping 12, GenuineIntel
TMP=C:\Users\gant_\AppData\Local\Temp
TEMP=C:\Users\gant_\AppData\Local\Temp




Periodic native trim disabled

---------------  S Y S T E M  ---------------

OS:
 Windows 11 , 64 bit Build 26100 (10.0.26100.4202)
OS uptime: 10 days 6:05 hours

CPU: total 8 (initial active 8) (4 cores per cpu, 2 threads per core) family 6 model 142 stepping 12 microcode 0xde, cx8, cmov, fxsr, ht, mmx, 3dnowpref, sse, sse2, sse3, ssse3, sse4.1, sse4.2, popcnt, lzcnt, tsc, tscinvbit, avx, avx2, aes, erms, clmul, bmi1, bmi2, adx, fma, vzeroupper, clflush, clflushopt, rdtscp, f16c
Processor Information for all 8 processors :
  Max Mhz: 2112, Current Mhz: 1609, Mhz Limit: 1605

Memory: 4k page, system-wide physical 7908M (656M free)
TotalPageFile size 32484M (AvailPageFile size 131M)
current process WorkingSet (physical memory assigned to process): 12M, peak: 12M
current process commit charge ("private bytes"): 60M, peak: 184M

vm_info: Java HotSpot(TM) 64-Bit Server VM (21.0.7+8-LTS-245) for windows-amd64 JRE (21.0.7+8-LTS-245), built on 2025-02-21T05:11:27Z by "mach5one" with MS VC++ 17.6 (VS2022)

END.
